\BOOKMARK [1][-]{section.1}{\376\377\000V\000e\000c\000t\000o\000r\000\040\000S\000p\000a\000c\000e\000s}{}% 1
\BOOKMARK [2][-]{subsection.1.1}{\376\377\000D\000e\000f\000i\000n\000i\000t\000i\000o\000n\000s}{section.1}% 2
\BOOKMARK [2][-]{subsection.1.2}{\376\377\000V\000e\000c\000t\000o\000r\000s}{section.1}% 3
\BOOKMARK [3][-]{subsubsection.1.2.1}{\376\377\000N\000o\000t\000a\000t\000i\000o\000n}{subsection.1.2}% 4
\BOOKMARK [3][-]{subsubsection.1.2.2}{\376\377\000A\000\040\000F\000e\000w\000\040\000V\000e\000c\000t\000o\000r\000\040\000O\000p\000e\000r\000a\000t\000i\000o\000n\000s}{subsection.1.2}% 5
\BOOKMARK [1][-]{section.2}{\376\377\000A\000\040\000F\000e\000w\000\040\000T\000h\000e\000o\000r\000e\000m\000s}{}% 6
\BOOKMARK [1][-]{section.3}{\376\377\000D\000e\000r\000i\000v\000a\000t\000i\000v\000e\000s}{}% 7
\BOOKMARK [1][-]{section.4}{\376\377\000T\000h\000e\000\040\000J\000a\000c\000o\000b\000i\000a\000n}{}% 8
\BOOKMARK [1][-]{section.5}{\376\377\000A\000r\000c\000\040\000L\000e\000n\000g\000t\000h}{}% 9
\BOOKMARK [2][-]{subsection.5.1}{\376\377\000T\000h\000e\000\040\000U\000n\000i\000t\000\040\000T\000a\000n\000g\000e\000n\000t\000\040\000V\000e\000c\000t\000o\000r\000\040\000T}{section.5}% 10
\BOOKMARK [1][-]{section.6}{\376\377\000T\000h\000e\000\040\000L\000i\000n\000e\000\040\000I\000n\000t\000e\000g\000r\000a\000l}{}% 11
\BOOKMARK [2][-]{subsubsection.6.0.1}{\376\377\000P\000a\000r\000a\000m\000e\000t\000e\000r\000i\000z\000i\000n\000g\000\040\000t\000h\000e\000\040\000C\000u\000r\000v\000e\000\040\000C}{section.6}% 12
\BOOKMARK [2][-]{subsection.6.1}{\376\377\000V\000e\000c\000t\000o\000r\000\040\000F\000i\000e\000l\000d\000s}{section.6}% 13
\BOOKMARK [2][-]{subsection.6.2}{\376\377\000L\000i\000n\000e\000\040\000I\000n\000t\000e\000g\000r\000a\000l\000s\000\040\000o\000f\000\040\000V\000e\000c\000t\000o\000r\000\040\000F\000i\000e\000l\000d\000s}{section.6}% 14
\BOOKMARK [2][-]{subsection.6.3}{\376\377\000F\000u\000n\000d\000a\000m\000e\000n\000t\000a\000l\000\040\000T\000h\000e\000o\000r\000e\000m\000\040\000f\000o\000r\000\040\000L\000i\000n\000e\000\040\000I\000n\000t\000e\000g\000r\000a\000l\000s}{section.6}% 15
\BOOKMARK [2][-]{subsection.6.4}{\376\377\000C\000o\000n\000s\000e\000r\000v\000a\000t\000i\000v\000e\000\040\000V\000e\000c\000t\000o\000r\000\040\000F\000i\000e\000l\000d\000s}{section.6}% 16
\BOOKMARK [2][-]{subsection.6.5}{\376\377\000G\000r\000e\000e\000n\040\031\000s\000\040\000T\000h\000e\000o\000r\000e\000m}{section.6}% 17
\BOOKMARK [2][-]{subsection.6.6}{\376\377\000S\000t\000o\000k\000e\000'\000s\000\040\000T\000h\000e\000o\000r\000e\000m}{section.6}% 18
\BOOKMARK [1][-]{section.7}{\376\377\000S\000u\000r\000f\000a\000c\000e\000\040\000I\000n\000t\000e\000g\000r\000a\000l\000s}{}% 19
\BOOKMARK [1][-]{section.8}{\376\377\000C\000o\000n\000c\000l\000u\000s\000i\000o\000n\000s}{}% 20
